1.198980871   0
1.204002582   0.005021710791
1.203184583   0.0030124711
1.201116707   0.002968770909
1.201512324   0.002333382441
1.200699584   0.002071311049
1.201526316   0.001935976784
1.203589929   0.002658853861
1.205943943   0.003322632197
1.207710197   0.003457103223
1.208566369   0.003242157035
1.210457575   0.003512308465
1.210495056   0.003231071283
1.21030883   0.00299718178
1.210019416   0.002805193906
1.210239245   0.002633210646
1.210170185   0.002474434579
1.209553165   0.002413136193
1.208804614   0.002402203885
1.208185315   0.002361579344
1.207393507   0.002381778578
1.207576346   0.002278285363
1.207694619   0.002180187509
1.206646238   0.00233585511
1.205871893   0.002370513241
1.20438623   0.002719240874
1.204020203   0.002642067931
1.204024542   0.00254596406
1.203337137   0.002550966131
1.203562061   0.002474710145
1.203328588   0.002404909727
1.202611066   0.002436586556
1.202581311   0.002361784078
1.202919826   0.002316138565
1.203329681   0.002286030549
1.203522911   0.002230009842
1.2035004   0.002169018873
1.204321969   0.002265393251
1.204990267   0.002305525599
1.205591505   0.002326190824
1.205725176   0.002272679575
1.206619137   0.002391293161
1.20725913   0.002421137592
1.207648663   0.002397330381
1.208051045   0.002377745329
1.208216297   0.002331344981
1.208349493   0.002285087911
1.208631987   0.0022547421
1.208676577   0.002208697719
1.208685421   0.002164091036
1.208668593   0.002121300257
1.208669718   0.002080106344
1.208696026   0.002040651234
1.20880113   0.002005261234
1.208892608   0.001970588729
1.208627292   0.00195318358
1.20881469   0.001927741453
1.209051775   0.001908992395
1.208993627   0.001877258419
1.20894115   0.001846451482
1.209245848   0.001841315099
1.209200831   0.001811932336
1.209239942   0.001783368469
1.209411366   0.001763633074
1.209397248   0.001736345666
1.209328492   0.001711216855
1.209047134   0.001708805059
1.208432399   0.001792213771
1.208128227   0.0017920515
1.207809538   0.001794785801
1.20743174   0.001809211773
1.207005462   0.001834131215
1.206556444   0.001863729781
1.205955444   0.001934117718
1.205477913   0.001967000901
1.205180463   0.001963606545
1.204990416   0.001947233756
1.204645918   0.001952735051
1.204226447   0.001972965951
1.203677681   0.002023962439
1.203617514   0.001999724421
1.203686732   0.001976399478
1.203688083   0.001952442703
1.203653995   0.001929360466
1.203760566   0.001909503237
1.203925209   0.001894337421
1.204082099   0.001878998168
1.204189266   0.001860612101
1.204261888   0.001841020456
1.204552196   0.001843452103
1.204714118   0.001830258497
1.204784017   0.001811604069
1.204820047   0.001792380752
1.204990509   0.001781384928
1.204966998   0.00176269056
1.204903904   0.001745373334
1.204919264   0.001727354363
1.204821752   0.001712416009
1.204910946   0.001697375728
1.204966965   0.00168124975
