-0.3815996936   0
-0.3891646838   0.00756499017
-0.3877984514   0.004576346767
-0.3847646269   0.004435714829
-0.3853461428   0.003484752555
-0.3841342313   0.003092635832
-0.3853951071   0.002901985465
-0.3885098397   0.004002211747
-0.392034186   0.00498790809
-0.394676992   0.005185345243
-0.395954195   0.004861106954
-0.3988117486   0.005278028062
-0.3988130369   0.004855079846
-0.3985491013   0.00450267279
-0.3981203876   0.004213626632
-0.3984495836   0.003955210264
-0.3983402481   0.003716881564
-0.3974092674   0.003625866868
-0.3962907502   0.003607506866
-0.3953556271   0.003547837431
-0.3941774823   0.003574408966
-0.3944616331   0.003419890393
-0.3946328048   0.003272298421
-0.3930474742   0.003511250759
-0.3918872452   0.003562120536
-0.389661052   0.004082717807
-0.3891329578   0.00396393216
-0.3891330455   0.003819740607
-0.3881021987   0.003827117411
-0.3884527269   0.003713925486
-0.3880838192   0.003611017693
-0.3870139589   0.003656375852
-0.3869816276   0.003543992402
-0.3874898164   0.003475531816
-0.3881063765   0.003430629794
-0.3883884625   0.003345885191
-0.3883663879   0.003254274526
-0.3896024919   0.003400128127
-0.3906043392   0.003460015067
-0.3915028488   0.003490048503
-0.391707227   0.003409991387
-0.3930562514   0.003590848341
-0.3940027296   0.0036318429
-0.3945936859   0.003597214743
-0.3951981506   0.003567943729
-0.3954379953   0.003497750707
-0.3956436592   0.003428695211
-0.3960622949   0.003382510224
-0.3961253012   0.003313359366
-0.3961362062   0.003246434228
-0.3961092448   0.003182256252
-0.3961093308   0.003120458987
-0.396147859   0.003061258692
-0.396304895   0.003008135589
-0.3964363858   0.002955861867
-0.3960346204   0.002930272134
-0.3963215448   0.002892670016
-0.3966718752   0.002863867205
-0.3965805102   0.002816390951
-0.3965062343   0.002770049274
-0.396959467   0.002761704806
-0.3968877183   0.002717743296
-0.396949125   0.002674961521
-0.3972051047   0.002645248171
-0.397179953   0.002604355543
-0.3970774585   0.002566639343
-0.396646224   0.002564557429
-0.3957270508   0.002688567354
-0.3952710097   0.002688279965
-0.3947915641   0.002692626216
-0.3942227986   0.002714681959
-0.3935840761   0.002751864143
-0.3929075062   0.002796968056
-0.3920044516   0.002902947567
-0.3912908568   0.002951541859
-0.3908464896   0.00294615155
-0.390561613   0.002921560203
-0.3900400559   0.002930644388
-0.3894147983   0.002960099459
-0.3885870305   0.003037817247
-0.3885057793   0.003001178982
-0.3886081635   0.002966120872
-0.3886081646   0.002930166563
-0.3885567414   0.002895530143
-0.3887184963   0.002865830881
-0.3889632778   0.002842869135
-0.3891994495   0.002819909768
-0.3893531032   0.002791912563
-0.3894679784   0.002762753801
-0.3899001757   0.002765860638
-0.3901410188   0.002745880362
-0.39024129   0.00271772024
-0.3902955913   0.002688886973
-0.39054879   0.002672150915
-0.3905097806   0.002644161159
-0.3904144569   0.00261820869
-0.3904348955   0.002591156871
-0.3902856478   0.002568919325
-0.3904216061   0.002546470307
-0.3905002158   0.002522102356
