1.798471306   0
1.806003872   0.007532566186
1.804776874   0.00451870665
1.80167506   0.004453156364
1.802268487   0.003500073661
1.801049376   0.003106966574
1.802289473   0.002903965177
1.805384893   0.003988280791
1.808915914   0.004983948296
1.811565296   0.005185654834
1.812849554   0.004863235552
1.815686363   0.005268462697
1.815742585   0.004846606924
1.815463246   0.00449577267
1.815029124   0.004207790859
1.815358867   0.003949815969
1.815255278   0.003711651868
1.814329748   0.003619704289
1.813206922   0.003603305827
1.812277972   0.003542369016
1.81109026   0.003572667868
1.81136452   0.003417428045
1.811541929   0.003270281264
1.809969358   0.003503782664
1.808807839   0.003555769861
1.806579344   0.00407886131
1.806030304   0.003963101896
1.806036812   0.00381894609
1.805005706   0.003826449196
1.805343091   0.003712065217
1.804992882   0.00360736459
1.803916599   0.003654879835
1.803871966   0.003542676116
1.804379739   0.003474207847
1.804994521   0.003429045823
1.805284367   0.003345014763
1.8052506   0.00325352831
1.806482954   0.003398089876
1.8074854   0.003458288399
1.808387258   0.003489286236
1.808587765   0.003409019363
1.809928706   0.003586939741
1.810888695   0.003631706388
1.811472995   0.003595995572
1.812076567   0.003566617994
1.812324446   0.003497017471
1.81252424   0.003427631867
1.812947981   0.003382113149
1.813014866   0.003313046579
1.813028132   0.003246136553
1.813002889   0.003181950386
1.813004577   0.003120159515
1.813044039   0.003060976851
1.813201696   0.003007891852
1.813338912   0.002955883094
1.812940938   0.002929775369
1.813222035   0.002891612179
1.813577662   0.002863488592
1.813490441   0.002815887629
1.813411725   0.002769677223
1.813868773   0.002761972649
1.813801246   0.002717898504
1.813859913   0.002675052704
1.814117049   0.002645449611
1.814095872   0.0026045185
1.813992738   0.002566825282
1.813570701   0.002563207588
1.812648599   0.002688320657
1.812192341   0.00268807725
1.811714306   0.002692178701
1.81114761   0.00271381766
1.810508192   0.002751196823
1.809834666   0.002795594672
1.808933166   0.002901176577
1.808216869   0.002950501352
1.807770695   0.002945409817
1.807485624   0.002920850634
1.806968878   0.002929102577
1.80633967   0.002959448927
1.805516521   0.003035943658
1.80542627   0.002999586631
1.805530098   0.002964599218
1.805532125   0.002928664055
1.805480993   0.002894040699
1.80564085   0.002864254855
1.805887813   0.002841506132
1.806123148   0.002818497252
1.8062839   0.002790918152
1.806392832   0.002761530684
1.806828293   0.002765178154
1.807071177   0.002745387746
1.807176025   0.002717406104
1.80723007   0.002688571127
1.807485763   0.002672077393
1.807450497   0.002644035841
1.807355856   0.002618060001
1.807378895   0.002591031545
1.807232629   0.002568624013
1.80736642   0.002546063592
1.807450447   0.002521874625
