1.416871613   0
1.416839189   3.242398857e-05
1.416978423   0.0001404867079
1.416910434   0.0001203775468
1.416922344   9.400163838e-05
1.416915145   7.708891215e-05
1.416894366   6.838518069e-05
1.416875053   6.229274624e-05
1.416881728   5.534102291e-05
1.416888304   4.993338873e-05
1.416895359   4.571419071e-05
1.416874614   4.660311769e-05
1.416929548   6.968092027e-05
1.416914144   6.632539128e-05
1.416908736   6.198195145e-05
1.416909283   5.798138391e-05
1.41691503   5.476638174e-05
1.416920481   5.192112393e-05
1.416916171   4.930114981e-05
1.416922345   4.71769012e-05
1.416912778   4.588282357e-05
1.416902886   4.485180447e-05
1.416909124   4.330898599e-05
1.416921883   4.338377198e-05
1.416920594   4.163223392e-05
1.416918292   4.006509768e-05
1.416897346   4.387549139e-05
1.416903767   4.276425518e-05
1.416903507   4.126410494e-05
1.416890364   4.197549935e-05
1.416909063   4.469790076e-05
1.41690264   4.375251089e-05
1.416890338   4.415423031e-05
1.416889923   4.28379075e-05
1.416888144   4.163397363e-05
1.416895904   4.119829265e-05
1.416884212   4.174040839e-05
1.416880462   4.079979826e-05
1.416881061   3.974439376e-05
1.416884409   3.888248059e-05
1.416880538   3.811941316e-05
1.416872455   3.806871182e-05
1.416885966   3.955215907e-05
1.416879309   3.921194182e-05
1.416878416   3.834105827e-05
1.416886451   3.83493278e-05
1.416880581   3.798087892e-05
1.416885686   3.753009076e-05
1.416889565   3.696024286e-05
1.416891926   3.629039218e-05
1.416893644   3.561318631e-05
1.416895246   3.495830425e-05
1.41689618   3.430509845e-05
1.416896801   3.366954233e-05
1.416902526   3.35439546e-05
1.416906317   3.315698103e-05
1.41690049   3.308723835e-05
1.416905787   3.294042956e-05
1.41690993   3.26413154e-05
1.41690549   3.239837517e-05
1.416909306   3.209043535e-05
1.416913528   3.184975529e-05
1.416910788   3.145970768e-05
1.416911944   3.098582068e-05
1.416915919   3.076324755e-05
1.416915279   3.030029291e-05
1.416924477   3.122962502e-05
1.416921548   3.090596827e-05
1.416921331   3.045553674e-05
1.416922742   3.005045123e-05
1.416924812   2.969638695e-05
1.416924116   2.928929649e-05
1.41692716   2.904518487e-05
1.416928715   2.869215724e-05
1.416926012   2.843569133e-05
1.416924205   2.811719286e-05
1.416924011   2.775031415e-05
1.416928822   2.781151595e-05
1.416924872   2.773987249e-05
1.41692949   2.777761126e-05
1.416920491   2.887099424e-05
1.416921935   2.855326994e-05
1.41692396   2.827975211e-05
1.416924251   2.794258105e-05
1.416922353   2.767704471e-05
1.416924535   2.744020725e-05
1.416923698   2.713587877e-05
1.416930796   2.774895428e-05
1.416924854   2.80715889e-05
1.416928118   2.794914974e-05
1.416930158   2.771548766e-05
1.416934735   2.779212041e-05
1.416934479   2.74928538e-05
1.416936973   2.731294694e-05
1.416940717   2.728199047e-05
1.416941399   2.700493629e-05
1.416944   2.685130311e-05
1.416946981   2.674257804e-05
1.416944813   2.655966411e-05
1.416950231   2.684508987e-05
